<?xml version="1.0" encoding="UTF-8"?>
<!-- Generated by org.testng.reporters.JUnitReportReporter -->
<testsuite hostname="caefdbe43409ddccabcceedbdcone-0" failures="0" tests="1" name="runner.Testcase1" time="11.135" errors="0" timestamp="2024-01-03T07:29:15 UTC" skipped="0">
  <testcase classname="runner.Testcase1" name="TC_001" time="11.135"/>
</testsuite> <!-- runner.Testcase1 -->
