<?xml version="1.0" encoding="UTF-8"?>
<!-- Generated by org.testng.reporters.JUnitReportReporter -->
<testsuite hostname="caefdbe43409ddccabcceedbdcone-0" failures="0" tests="1" name="runner.Testcase2" time="17.001" errors="0" timestamp="2024-01-03T07:29:15 UTC" skipped="0">
  <testcase classname="runner.Testcase2" name="TC_002" time="17.001"/>
</testsuite> <!-- runner.Testcase2 -->
