<?xml version="1.0" encoding="UTF-8"?>
<!-- Generated by org.testng.reporters.JUnitReportReporter -->
<testsuite hostname="caefdbe43409ddccabcceedbdcone-0" failures="0" tests="1" name="runner.Testcase3" time="23.680" errors="0" timestamp="2024-01-03T07:29:15 UTC" skipped="0">
  <testcase classname="runner.Testcase3" name="TC_003" time="23.680"/>
</testsuite> <!-- runner.Testcase3 -->
